<?xml version="1.0" encoding="UTF-8"?>
<testsuite name="com.example.everyteam.EveryteamApplicationTests" tests="1" skipped="0" failures="0" errors="0" timestamp="2022-11-09T14:29:00" hostname="hweyoungui-MacBookAir.local" time="0.12">
  <properties/>
  <testcase name="contextLoads()" classname="com.example.everyteam.EveryteamApplicationTests" time="0.12"/>
  <system-out><![CDATA[23:28:51.302 [Test worker] DEBUG org.springframework.test.context.BootstrapUtils - Instantiating CacheAwareContextLoaderDelegate from class [org.springframework.test.context.cache.DefaultCacheAwareContextLoaderDelegate]
23:28:51.318 [Test worker] DEBUG org.springframework.test.context.BootstrapUtils - Instantiating BootstrapContext using constructor [public org.springframework.test.context.support.DefaultBootstrapContext(java.lang.Class,org.springframework.test.context.CacheAwareContextLoaderDelegate)]
23:28:51.370 [Test worker] DEBUG org.springframework.test.context.BootstrapUtils - Instantiating TestContextBootstrapper for test class [com.example.everyteam.EveryteamApplicationTests] from class [org.springframework.boot.test.context.SpringBootTestContextBootstrapper]
23:28:51.384 [Test worker] INFO org.springframework.boot.test.context.SpringBootTestContextBootstrapper - Neither @ContextConfiguration nor @ContextHierarchy found for test class [com.example.everyteam.EveryteamApplicationTests], using SpringBootContextLoader
23:28:51.389 [Test worker] DEBUG org.springframework.test.context.support.AbstractContextLoader - Did not detect default resource location for test class [com.example.everyteam.EveryteamApplicationTests]: class path resource [com/example/everyteam/EveryteamApplicationTests-context.xml] does not exist
23:28:51.389 [Test worker] DEBUG org.springframework.test.context.support.AbstractContextLoader - Did not detect default resource location for test class [com.example.everyteam.EveryteamApplicationTests]: class path resource [com/example/everyteam/EveryteamApplicationTestsContext.groovy] does not exist
23:28:51.389 [Test worker] INFO org.springframework.test.context.support.AbstractContextLoader - Could not detect default resource locations for test class [com.example.everyteam.EveryteamApplicationTests]: no resource found for suffixes {-context.xml, Context.groovy}.
23:28:51.390 [Test worker] INFO org.springframework.test.context.support.AnnotationConfigContextLoaderUtils - Could not detect default configuration classes for test class [com.example.everyteam.EveryteamApplicationTests]: EveryteamApplicationTests does not declare any static, non-private, non-final, nested classes annotated with @Configuration.
23:28:51.443 [Test worker] DEBUG org.springframework.test.context.support.ActiveProfilesUtils - Could not find an 'annotation declaring class' for annotation type [org.springframework.test.context.ActiveProfiles] and class [com.example.everyteam.EveryteamApplicationTests]
23:28:51.517 [Test worker] DEBUG org.springframework.context.annotation.ClassPathScanningCandidateComponentProvider - Identified candidate component class: file [/Users/hweyoung/Desktop/4_2/oss/everyteam/Backend/build/classes/java/main/com/example/everyteam/EveryteamApplication.class]
23:28:51.519 [Test worker] INFO org.springframework.boot.test.context.SpringBootTestContextBootstrapper - Found @SpringBootConfiguration com.example.everyteam.EveryteamApplication for test class com.example.everyteam.EveryteamApplicationTests
23:28:51.622 [Test worker] DEBUG org.springframework.boot.test.context.SpringBootTestContextBootstrapper - @TestExecutionListeners is not present for class [com.example.everyteam.EveryteamApplicationTests]: using defaults.
23:28:51.622 [Test worker] INFO org.springframework.boot.test.context.SpringBootTestContextBootstrapper - Loaded default TestExecutionListener class names from location [META-INF/spring.factories]: [org.springframework.boot.test.autoconfigure.restdocs.RestDocsTestExecutionListener, org.springframework.boot.test.autoconfigure.web.client.MockRestServiceServerResetTestExecutionListener, org.springframework.boot.test.autoconfigure.web.servlet.MockMvcPrintOnlyOnFailureTestExecutionListener, org.springframework.boot.test.autoconfigure.web.servlet.WebDriverTestExecutionListener, org.springframework.boot.test.autoconfigure.webservices.client.MockWebServiceServerTestExecutionListener, org.springframework.boot.test.mock.mockito.MockitoTestExecutionListener, org.springframework.boot.test.mock.mockito.ResetMocksTestExecutionListener, org.springframework.test.context.web.ServletTestExecutionListener, org.springframework.test.context.support.DirtiesContextBeforeModesTestExecutionListener, org.springframework.test.context.event.ApplicationEventsTestExecutionListener, org.springframework.test.context.support.DependencyInjectionTestExecutionListener, org.springframework.test.context.support.DirtiesContextTestExecutionListener, org.springframework.test.context.transaction.TransactionalTestExecutionListener, org.springframework.test.context.jdbc.SqlScriptsTestExecutionListener, org.springframework.test.context.event.EventPublishingTestExecutionListener]
23:28:51.636 [Test worker] INFO org.springframework.boot.test.context.SpringBootTestContextBootstrapper - Using TestExecutionListeners: [org.springframework.test.context.web.ServletTestExecutionListener@200606de, org.springframework.test.context.support.DirtiesContextBeforeModesTestExecutionListener@750fe12e, org.springframework.test.context.event.ApplicationEventsTestExecutionListener@f8908f6, org.springframework.boot.test.mock.mockito.MockitoTestExecutionListener@3e587920, org.springframework.boot.test.autoconfigure.SpringBootDependencyInjectionTestExecutionListener@2ef8a8c3, org.springframework.test.context.support.DirtiesContextTestExecutionListener@24f43aa3, org.springframework.test.context.transaction.TransactionalTestExecutionListener@63fd4873, org.springframework.test.context.jdbc.SqlScriptsTestExecutionListener@1e11bc55, org.springframework.test.context.event.EventPublishingTestExecutionListener@7544a1e4, org.springframework.boot.test.autoconfigure.restdocs.RestDocsTestExecutionListener@70e0accd, org.springframework.boot.test.autoconfigure.web.client.MockRestServiceServerResetTestExecutionListener@7957dc72, org.springframework.boot.test.autoconfigure.web.servlet.MockMvcPrintOnlyOnFailureTestExecutionListener@6ab72419, org.springframework.boot.test.autoconfigure.web.servlet.WebDriverTestExecutionListener@3aacf32a, org.springframework.boot.test.autoconfigure.webservices.client.MockWebServiceServerTestExecutionListener@4fdfa676, org.springframework.boot.test.mock.mockito.ResetMocksTestExecutionListener@82c57b3]
23:28:51.647 [Test worker] DEBUG org.springframework.test.context.support.AbstractDirtiesContextTestExecutionListener - Before test class: context [DefaultTestContext@6c451c9c testClass = EveryteamApplicationTests, testInstance = [null], testMethod = [null], testException = [null], mergedContextConfiguration = [WebMergedContextConfiguration@31c269fd testClass = EveryteamApplicationTests, locations = '{}', classes = '{class com.example.everyteam.EveryteamApplication}', contextInitializerClasses = '[]', activeProfiles = '{}', propertySourceLocations = '{}', propertySourceProperties = '{org.springframework.boot.test.context.SpringBootTestContextBootstrapper=true}', contextCustomizers = set[org.springframework.boot.test.autoconfigure.actuate.metrics.MetricsExportContextCustomizerFactory$DisableMetricExportContextCustomizer@784b990c, org.springframework.boot.test.autoconfigure.properties.PropertyMappingContextCustomizer@0, org.springframework.boot.test.autoconfigure.web.servlet.WebDriverContextCustomizerFactory$Customizer@6bea52d4, org.springframework.boot.test.context.filter.ExcludeFilterContextCustomizer@aeab9a1, org.springframework.boot.test.json.DuplicateJsonObjectContextCustomizerFactory$DuplicateJsonObjectContextCustomizer@72ea6193, org.springframework.boot.test.mock.mockito.MockitoContextCustomizer@0, org.springframework.boot.test.web.client.TestRestTemplateContextCustomizer@75b25825, org.springframework.boot.test.context.SpringBootTestArgs@1, org.springframework.boot.test.context.SpringBootTestWebEnvironment@20bd8be5], resourceBasePath = 'src/main/webapp', contextLoader = 'org.springframework.boot.test.context.SpringBootContextLoader', parent = [null]], attributes = map['org.springframework.test.context.web.ServletTestExecutionListener.activateListener' -> true]], class annotated with @DirtiesContext [false] with mode [null].

  .   ____          _            __ _ _
 /\\ / ___'_ __ _ _(_)_ __  __ _ \ \ \ \
( ( )\___ | '_ | '_| | '_ \/ _` | \ \ \ \
 \\/  ___)| |_)| | | | | || (_| |  ) ) ) )
  '  |____| .__|_| |_|_| |_\__, | / / / /
 =========|_|==============|___/=/_/_/_/
 :: Spring Boot ::                (v2.7.5)

2022-11-09 23:28:52.380  INFO 48208 --- [    Test worker] c.e.everyteam.EveryteamApplicationTests  : Starting EveryteamApplicationTests using Java 11.0.12 on hweyoungui-MacBookAir.local with PID 48208 (started by hweyoung in /Users/hweyoung/Desktop/4_2/oss/everyteam/Backend)
2022-11-09 23:28:52.383  INFO 48208 --- [    Test worker] c.e.everyteam.EveryteamApplicationTests  : No active profile set, falling back to 1 default profile: "default"
2022-11-09 23:28:53.759  INFO 48208 --- [    Test worker] .s.d.r.c.RepositoryConfigurationDelegate : Bootstrapping Spring Data JPA repositories in DEFAULT mode.
2022-11-09 23:28:53.857  INFO 48208 --- [    Test worker] .s.d.r.c.RepositoryConfigurationDelegate : Finished Spring Data repository scanning in 91 ms. Found 4 JPA repository interfaces.
2022-11-09 23:28:54.990  INFO 48208 --- [    Test worker] o.hibernate.jpa.internal.util.LogHelper  : HHH000204: Processing PersistenceUnitInfo [name: default]
2022-11-09 23:28:55.038  INFO 48208 --- [    Test worker] org.hibernate.Version                    : HHH000412: Hibernate ORM core version 5.6.12.Final
2022-11-09 23:28:55.207  INFO 48208 --- [    Test worker] o.hibernate.annotations.common.Version   : HCANN000001: Hibernate Commons Annotations {5.1.2.Final}
2022-11-09 23:28:55.299  INFO 48208 --- [    Test worker] com.zaxxer.hikari.HikariDataSource       : HikariPool-1 - Starting...
2022-11-09 23:28:56.316  INFO 48208 --- [    Test worker] com.zaxxer.hikari.HikariDataSource       : HikariPool-1 - Start completed.
2022-11-09 23:28:56.345  INFO 48208 --- [    Test worker] org.hibernate.dialect.Dialect            : HHH000400: Using dialect: org.hibernate.dialect.MySQL8Dialect
2022-11-09 23:28:57.901  INFO 48208 --- [    Test worker] o.h.e.t.j.p.i.JtaPlatformInitiator       : HHH000490: Using JtaPlatform implementation: [org.hibernate.engine.transaction.jta.platform.internal.NoJtaPlatform]
2022-11-09 23:28:57.910  INFO 48208 --- [    Test worker] j.LocalContainerEntityManagerFactoryBean : Initialized JPA EntityManagerFactory for persistence unit 'default'
2022-11-09 23:28:59.341  WARN 48208 --- [    Test worker] JpaBaseConfiguration$JpaWebConfiguration : spring.jpa.open-in-view is enabled by default. Therefore, database queries may be performed during view rendering. Explicitly configure spring.jpa.open-in-view to disable this warning
2022-11-09 23:29:00.101  INFO 48208 --- [    Test worker] c.e.everyteam.EveryteamApplicationTests  : Started EveryteamApplicationTests in 8.341 seconds (JVM running for 10.132)
]]></system-out>
  <system-err><![CDATA[]]></system-err>
</testsuite>
